16:40:05 [restartedMain] INFO  c.p.s.ScheduleApplication                                    - Starting ScheduleApplication using Java 11.0.12 on DESKTOP-H0CCH2U with PID 12424 (D:\Proj\Schedule\schedule\target\classes started by Nazar in D:\Proj\Schedule\schedule) 
16:40:05 [restartedMain] INFO  c.p.s.ScheduleApplication                                    - The following profiles are active: dev 
16:40:06 [restartedMain] INFO  o.s.b.d.e.DevToolsPropertyDefaultsPostProcessor              - Devtools property defaults active! Set 'spring.devtools.add-properties' to 'false' to disable 
16:40:06 [restartedMain] INFO  o.s.b.d.e.DevToolsPropertyDefaultsPostProcessor              - For additional web related logging consider setting the 'logging.level.web' property to 'DEBUG' 
16:40:06 [restartedMain] INFO  o.s.d.r.c.RepositoryConfigurationDelegate                    - Bootstrapping Spring Data JPA repositories in DEFAULT mode. 
16:40:06 [restartedMain] INFO  o.s.d.r.c.RepositoryConfigurationDelegate                    - Finished Spring Data repository scanning in 61 ms. Found 2 JPA repository interfaces. 
16:40:07 [restartedMain] INFO  o.s.b.w.e.t.TomcatWebServer                                  - Tomcat initialized with port(s): 8080 (http) 
16:40:07 [restartedMain] INFO  o.a.c.h.Http11NioProtocol                                    - Initializing ProtocolHandler ["http-nio-8080"] 
16:40:07 [restartedMain] INFO  o.a.c.c.StandardService                                      - Starting service [Tomcat] 
16:40:07 [restartedMain] INFO  o.a.c.c.StandardEngine                                       - Starting Servlet engine: [Apache Tomcat/9.0.50] 
16:40:07 [restartedMain] INFO  o.a.c.c.C.[.[.[/]                                            - Initializing Spring embedded WebApplicationContext 
16:40:07 [restartedMain] INFO  o.s.b.w.s.c.ServletWebServerApplicationContext               - Root WebApplicationContext: initialization completed in 1423 ms 
16:40:07 [restartedMain] INFO  c.z.h.HikariDataSource                                       - HikariPool-1 - Starting... 
16:40:07 [restartedMain] INFO  c.z.h.HikariDataSource                                       - HikariPool-1 - Start completed. 
16:40:07 [restartedMain] INFO  o.s.b.a.h.H2ConsoleAutoConfiguration                         - H2 console available at '/h2-console'. Database available at 'jdbc:h2:mem:testdb' 
16:40:07 [restartedMain] INFO  o.h.j.i.u.LogHelper                                          - HHH000204: Processing PersistenceUnitInfo [name: default] 
16:40:07 [restartedMain] INFO  o.h.Version                                                  - HHH000412: Hibernate ORM core version 5.4.32.Final 
16:40:07 [restartedMain] INFO  o.h.a.c.Version                                              - HCANN000001: Hibernate Commons Annotations {5.1.2.Final} 
16:40:07 [restartedMain] INFO  o.h.d.Dialect                                                - HHH000400: Using dialect: org.hibernate.dialect.H2Dialect 
16:40:08 [restartedMain] INFO  o.h.e.t.j.p.i.JtaPlatformInitiator                           - HHH000490: Using JtaPlatform implementation: [org.hibernate.engine.transaction.jta.platform.internal.NoJtaPlatform] 
16:40:08 [restartedMain] INFO  o.s.o.j.LocalContainerEntityManagerFactoryBean               - Initialized JPA EntityManagerFactory for persistence unit 'default' 
16:40:08 [restartedMain] WARN  o.s.b.a.o.j.JpaBaseConfiguration$JpaWebConfiguration         - spring.jpa.open-in-view is enabled by default. Therefore, database queries may be performed during view rendering. Explicitly configure spring.jpa.open-in-view to disable this warning 
16:40:09 [restartedMain] INFO  o.s.b.d.a.OptionalLiveReloadServer                           - LiveReload server is running on port 35729 
16:40:09 [restartedMain] INFO  o.a.c.h.Http11NioProtocol                                    - Starting ProtocolHandler ["http-nio-8080"] 
16:40:09 [restartedMain] INFO  o.s.b.w.e.t.TomcatWebServer                                  - Tomcat started on port(s): 8080 (http) with context path '' 
16:40:09 [restartedMain] INFO  c.p.s.ScheduleApplication                                    - Started ScheduleApplication in 3.837 seconds (JVM running for 6.194) 
17:13:37 [SpringApplicationShutdownHook] INFO  o.s.o.j.LocalContainerEntityManagerFactoryBean               - Closing JPA EntityManagerFactory for persistence unit 'default' 
17:13:37 [SpringApplicationShutdownHook] INFO  c.z.h.HikariDataSource                                       - HikariPool-1 - Shutdown initiated... 
17:13:37 [SpringApplicationShutdownHook] INFO  c.z.h.HikariDataSource                                       - HikariPool-1 - Shutdown completed. 
