2021-12-01 19:09:11.066  INFO DESKTOP-H0CCH2U --- [kground-preinit] o.h.v.i.u.Version                        : HV000001: Hibernate Validator 6.2.0.Final
2021-12-01 19:09:11.096  INFO DESKTOP-H0CCH2U --- [  restartedMain] c.p.s.ScheduleApplication                : Starting ScheduleApplication using Java 11.0.12 on DESKTOP-H0CCH2U with PID 2712 (D:\Proj\Schedule\schedule\target\classes started by Nazar in D:\Proj\Schedule)
2021-12-01 19:09:11.101 DEBUG DESKTOP-H0CCH2U --- [  restartedMain] c.p.s.ScheduleApplication                : Running with Spring Boot v2.5.3, Spring v5.3.9
2021-12-01 19:09:11.103  INFO DESKTOP-H0CCH2U --- [  restartedMain] c.p.s.ScheduleApplication                : The following profiles are active: dev
2021-12-01 19:09:11.157  INFO DESKTOP-H0CCH2U --- [  restartedMain] .e.DevToolsPropertyDefaultsPostProcessor : Devtools property defaults active! Set 'spring.devtools.add-properties' to 'false' to disable
2021-12-01 19:09:11.157  INFO DESKTOP-H0CCH2U --- [  restartedMain] .e.DevToolsPropertyDefaultsPostProcessor : For additional web related logging consider setting the 'logging.level.web' property to 'DEBUG'
2021-12-01 19:09:12.520  INFO DESKTOP-H0CCH2U --- [  restartedMain] .s.d.r.c.RepositoryConfigurationDelegate : Bootstrapping Spring Data JPA repositories in DEFAULT mode.
2021-12-01 19:09:12.653  INFO DESKTOP-H0CCH2U --- [  restartedMain] .s.d.r.c.RepositoryConfigurationDelegate : Finished Spring Data repository scanning in 119 ms. Found 3 JPA repository interfaces.
2021-12-01 19:09:13.205  INFO DESKTOP-H0CCH2U --- [  restartedMain] trationDelegate$BeanPostProcessorChecker : Bean 'org.springframework.security.access.expression.method.DefaultMethodSecurityExpressionHandler@1a6d44c' of type [org.springframework.security.access.expression.method.DefaultMethodSecurityExpressionHandler] is not eligible for getting processed by all BeanPostProcessors (for example: not eligible for auto-proxying)
2021-12-01 19:09:13.214  INFO DESKTOP-H0CCH2U --- [  restartedMain] trationDelegate$BeanPostProcessorChecker : Bean 'methodSecurityMetadataSource' of type [org.springframework.security.access.method.DelegatingMethodSecurityMetadataSource] is not eligible for getting processed by all BeanPostProcessors (for example: not eligible for auto-proxying)
2021-12-01 19:09:13.575  INFO DESKTOP-H0CCH2U --- [  restartedMain] o.s.b.w.e.t.TomcatWebServer              : Tomcat initialized with port(s): 8080 (http)
2021-12-01 19:09:13.585  INFO DESKTOP-H0CCH2U --- [  restartedMain] o.a.c.h.Http11NioProtocol                : Initializing ProtocolHandler ["http-nio-8080"]
2021-12-01 19:09:13.586  INFO DESKTOP-H0CCH2U --- [  restartedMain] o.a.c.c.StandardService                  : Starting service [Tomcat]
2021-12-01 19:09:13.586  INFO DESKTOP-H0CCH2U --- [  restartedMain] o.a.c.c.StandardEngine                   : Starting Servlet engine: [Apache Tomcat/9.0.50]
2021-12-01 19:09:13.714  INFO DESKTOP-H0CCH2U --- [  restartedMain] o.a.c.c.C.[.[.[/]                        : Initializing Spring embedded WebApplicationContext
2021-12-01 19:09:13.715  INFO DESKTOP-H0CCH2U --- [  restartedMain] w.s.c.ServletWebServerApplicationContext : Root WebApplicationContext: initialization completed in 2557 ms
2021-12-01 19:09:13.753  INFO DESKTOP-H0CCH2U --- [  restartedMain] c.z.h.HikariDataSource                   : HikariPool-1 - Starting...
2021-12-01 19:09:13.878  INFO DESKTOP-H0CCH2U --- [  restartedMain] c.z.h.HikariDataSource                   : HikariPool-1 - Start completed.
2021-12-01 19:09:13.889  INFO DESKTOP-H0CCH2U --- [  restartedMain] o.s.b.a.h.H2ConsoleAutoConfiguration     : H2 console available at '/h2-console'. Database available at 'jdbc:h2:mem:testdb'
2021-12-01 19:09:13.966 DEBUG DESKTOP-H0CCH2U --- [  restartedMain] c.p.s.s.CustomFilter                     : Filter 'customFilter' configured for use
2021-12-01 19:09:14.102  INFO DESKTOP-H0CCH2U --- [  restartedMain] o.h.j.i.u.LogHelper                      : HHH000204: Processing PersistenceUnitInfo [name: default]
2021-12-01 19:09:14.152  INFO DESKTOP-H0CCH2U --- [  restartedMain] o.h.Version                              : HHH000412: Hibernate ORM core version 5.4.32.Final
2021-12-01 19:09:14.260  INFO DESKTOP-H0CCH2U --- [  restartedMain] o.h.a.c.Version                          : HCANN000001: Hibernate Commons Annotations {5.1.2.Final}
2021-12-01 19:09:14.418  INFO DESKTOP-H0CCH2U --- [  restartedMain] o.h.d.Dialect                            : HHH000400: Using dialect: org.hibernate.dialect.H2Dialect
2021-12-01 19:09:15.222  INFO DESKTOP-H0CCH2U --- [  restartedMain] o.h.e.t.j.p.i.JtaPlatformInitiator       : HHH000490: Using JtaPlatform implementation: [org.hibernate.engine.transaction.jta.platform.internal.NoJtaPlatform]
2021-12-01 19:09:15.236  INFO DESKTOP-H0CCH2U --- [  restartedMain] j.LocalContainerEntityManagerFactoryBean : Initialized JPA EntityManagerFactory for persistence unit 'default'
2021-12-01 19:09:15.941  WARN DESKTOP-H0CCH2U --- [  restartedMain] JpaBaseConfiguration$JpaWebConfiguration : spring.jpa.open-in-view is enabled by default. Therefore, database queries may be performed during view rendering. Explicitly configure spring.jpa.open-in-view to disable this warning
2021-12-01 19:09:16.456  INFO DESKTOP-H0CCH2U --- [  restartedMain] o.s.s.w.DefaultSecurityFilterChain       : Will secure any request with [org.springframework.security.web.context.request.async.WebAsyncManagerIntegrationFilter@61689c20, org.springframework.security.web.context.SecurityContextPersistenceFilter@3d831dcd, org.springframework.security.web.header.HeaderWriterFilter@1cadaded, com.project.schedule.security.CustomFilter@6a8c2b94, org.springframework.security.web.authentication.logout.LogoutFilter@2480798a, org.springframework.security.web.authentication.UsernamePasswordAuthenticationFilter@5de282d6, org.springframework.security.web.savedrequest.RequestCacheAwareFilter@49ba1340, org.springframework.security.web.servletapi.SecurityContextHolderAwareRequestFilter@65dd2e46, org.springframework.security.web.authentication.AnonymousAuthenticationFilter@42409e4e, org.springframework.security.web.session.SessionManagementFilter@669437e4, org.springframework.security.web.access.ExceptionTranslationFilter@7d32d0c9, org.springframework.security.web.access.intercept.FilterSecurityInterceptor@1ae975c]
2021-12-01 19:09:18.450  INFO DESKTOP-H0CCH2U --- [  restartedMain] o.s.b.d.a.OptionalLiveReloadServer       : LiveReload server is running on port 35729
2021-12-01 19:09:18.481  INFO DESKTOP-H0CCH2U --- [  restartedMain] o.a.c.h.Http11NioProtocol                : Starting ProtocolHandler ["http-nio-8080"]
2021-12-01 19:09:18.503  INFO DESKTOP-H0CCH2U --- [  restartedMain] o.s.b.w.e.t.TomcatWebServer              : Tomcat started on port(s): 8080 (http) with context path ''
2021-12-01 19:09:18.519  INFO DESKTOP-H0CCH2U --- [  restartedMain] c.p.s.ScheduleApplication                : Started ScheduleApplication in 7.92 seconds (JVM running for 11.757)
2021-12-01 19:09:18.522 TRACE DESKTOP-H0CCH2U --- [  restartedMain] c.p.s.ScheduleApplication                : ***********************Test student service***********************
2021-12-01 19:09:18.869  INFO DESKTOP-H0CCH2U --- [  restartedMain] c.p.s.ScheduleApplication                : Student having id 1 and name Yevhen is added
2021-12-01 19:09:18.993 TRACE DESKTOP-H0CCH2U --- [  restartedMain] c.p.s.ScheduleApplication                : StudentModel{id=1, name='Yevhen', email='yevhen', age=12, birthDate=2002-06-21T12:02, courseModels=[]}
2021-12-01 19:09:19.004 TRACE DESKTOP-H0CCH2U --- [  restartedMain] c.p.s.ScheduleApplication                : ***********************Success***********************
2021-12-01 19:09:19.004 TRACE DESKTOP-H0CCH2U --- [  restartedMain] c.p.s.ScheduleApplication                : ***********************Test course service***********************
2021-12-01 19:09:19.025  INFO DESKTOP-H0CCH2U --- [  restartedMain] c.p.s.ScheduleApplication                : Course having id 1 and name Topology is added
2021-12-01 19:09:19.028  INFO DESKTOP-H0CCH2U --- [  restartedMain] c.p.s.ScheduleApplication                : Course having id 2 and name Graph theory is added
2021-12-01 19:09:19.035 TRACE DESKTOP-H0CCH2U --- [  restartedMain] c.p.s.ScheduleApplication                : CourseModel{id=1, title='Math', description='Topology', lector='Kozerenko', studentModelSet=[]}
2021-12-01 19:09:19.045 TRACE DESKTOP-H0CCH2U --- [  restartedMain] c.p.s.ScheduleApplication                : CourseModel{id=2, title='Math', description='Graph theory', lector='Kozerenko', studentModelSet=[]}
2021-12-01 19:09:19.052 TRACE DESKTOP-H0CCH2U --- [  restartedMain] c.p.s.ScheduleApplication                : [CourseModel{id=1, title='Math', description='Topology', lector='Kozerenko', studentModelSet=[]}, CourseModel{id=2, title='Math', description='Graph theory', lector='Kozerenko', studentModelSet=[]}]
2021-12-01 19:09:19.052  INFO DESKTOP-H0CCH2U --- [  restartedMain] c.p.s.ScheduleApplication                : ***********************Success***********************
2021-12-01 19:09:19.069  INFO DESKTOP-H0CCH2U --- [  restartedMain] c.p.s.ScheduleApplication                : Student having id 1 and name Yevhen is added
2021-12-01 19:09:19.076 DEBUG DESKTOP-H0CCH2U --- [  restartedMain] c.p.s.ScheduleApplication                : [StudentModel{id=1, name='Yevhen', email='yevhen', age=12, birthDate=2002-06-21T12:02, courseModels=[1, 2]}]
2021-12-01 19:09:19.084 DEBUG DESKTOP-H0CCH2U --- [  restartedMain] c.p.s.ScheduleApplication                : [CourseModel{id=1, title='Math', description='Topology', lector='Kozerenko', studentModelSet=[1]}, CourseModel{id=2, title='Math', description='Graph theory', lector='Kozerenko', studentModelSet=[1]}]
2021-12-01 19:09:44.448  INFO DESKTOP-H0CCH2U --- [ionShutdownHook] j.LocalContainerEntityManagerFactoryBean : Closing JPA EntityManagerFactory for persistence unit 'default'
2021-12-01 19:09:44.451  INFO DESKTOP-H0CCH2U --- [ionShutdownHook] c.z.h.HikariDataSource                   : HikariPool-1 - Shutdown initiated...
2021-12-01 19:09:44.454  INFO DESKTOP-H0CCH2U --- [ionShutdownHook] c.z.h.HikariDataSource                   : HikariPool-1 - Shutdown completed.
2021-12-01 19:09:54.251  INFO DESKTOP-H0CCH2U --- [kground-preinit] o.h.v.i.u.Version                        : HV000001: Hibernate Validator 6.2.0.Final
2021-12-01 19:09:54.280  INFO DESKTOP-H0CCH2U --- [  restartedMain] c.p.s.ScheduleApplication                : Starting ScheduleApplication using Java 11.0.12 on DESKTOP-H0CCH2U with PID 9488 (D:\Proj\Schedule\schedule\target\classes started by Nazar in D:\Proj\Schedule)
2021-12-01 19:09:54.284 DEBUG DESKTOP-H0CCH2U --- [  restartedMain] c.p.s.ScheduleApplication                : Running with Spring Boot v2.5.3, Spring v5.3.9
2021-12-01 19:09:54.285  INFO DESKTOP-H0CCH2U --- [  restartedMain] c.p.s.ScheduleApplication                : The following profiles are active: dev
2021-12-01 19:09:54.343  INFO DESKTOP-H0CCH2U --- [  restartedMain] .e.DevToolsPropertyDefaultsPostProcessor : Devtools property defaults active! Set 'spring.devtools.add-properties' to 'false' to disable
2021-12-01 19:09:54.345  INFO DESKTOP-H0CCH2U --- [  restartedMain] .e.DevToolsPropertyDefaultsPostProcessor : For additional web related logging consider setting the 'logging.level.web' property to 'DEBUG'
2021-12-01 19:09:55.857  INFO DESKTOP-H0CCH2U --- [  restartedMain] .s.d.r.c.RepositoryConfigurationDelegate : Bootstrapping Spring Data JPA repositories in DEFAULT mode.
2021-12-01 19:09:55.960  INFO DESKTOP-H0CCH2U --- [  restartedMain] .s.d.r.c.RepositoryConfigurationDelegate : Finished Spring Data repository scanning in 92 ms. Found 3 JPA repository interfaces.
2021-12-01 19:09:56.419  INFO DESKTOP-H0CCH2U --- [  restartedMain] trationDelegate$BeanPostProcessorChecker : Bean 'org.springframework.security.access.expression.method.DefaultMethodSecurityExpressionHandler@629e2f18' of type [org.springframework.security.access.expression.method.DefaultMethodSecurityExpressionHandler] is not eligible for getting processed by all BeanPostProcessors (for example: not eligible for auto-proxying)
2021-12-01 19:09:56.428  INFO DESKTOP-H0CCH2U --- [  restartedMain] trationDelegate$BeanPostProcessorChecker : Bean 'methodSecurityMetadataSource' of type [org.springframework.security.access.method.DelegatingMethodSecurityMetadataSource] is not eligible for getting processed by all BeanPostProcessors (for example: not eligible for auto-proxying)
2021-12-01 19:09:56.835  INFO DESKTOP-H0CCH2U --- [  restartedMain] o.s.b.w.e.t.TomcatWebServer              : Tomcat initialized with port(s): 8080 (http)
2021-12-01 19:09:56.843  INFO DESKTOP-H0CCH2U --- [  restartedMain] o.a.c.h.Http11NioProtocol                : Initializing ProtocolHandler ["http-nio-8080"]
2021-12-01 19:09:56.844  INFO DESKTOP-H0CCH2U --- [  restartedMain] o.a.c.c.StandardService                  : Starting service [Tomcat]
2021-12-01 19:09:56.844  INFO DESKTOP-H0CCH2U --- [  restartedMain] o.a.c.c.StandardEngine                   : Starting Servlet engine: [Apache Tomcat/9.0.50]
2021-12-01 19:09:56.979  INFO DESKTOP-H0CCH2U --- [  restartedMain] o.a.c.c.C.[.[.[/]                        : Initializing Spring embedded WebApplicationContext
2021-12-01 19:09:56.979  INFO DESKTOP-H0CCH2U --- [  restartedMain] w.s.c.ServletWebServerApplicationContext : Root WebApplicationContext: initialization completed in 2633 ms
2021-12-01 19:09:57.019  INFO DESKTOP-H0CCH2U --- [  restartedMain] c.z.h.HikariDataSource                   : HikariPool-1 - Starting...
2021-12-01 19:09:57.139  INFO DESKTOP-H0CCH2U --- [  restartedMain] c.z.h.HikariDataSource                   : HikariPool-1 - Start completed.
2021-12-01 19:09:57.147  INFO DESKTOP-H0CCH2U --- [  restartedMain] o.s.b.a.h.H2ConsoleAutoConfiguration     : H2 console available at '/h2-console'. Database available at 'jdbc:h2:mem:testdb'
2021-12-01 19:09:57.219 DEBUG DESKTOP-H0CCH2U --- [  restartedMain] c.p.s.s.CustomFilter                     : Filter 'customFilter' configured for use
2021-12-01 19:09:57.341  INFO DESKTOP-H0CCH2U --- [  restartedMain] o.h.j.i.u.LogHelper                      : HHH000204: Processing PersistenceUnitInfo [name: default]
2021-12-01 19:09:57.389  INFO DESKTOP-H0CCH2U --- [  restartedMain] o.h.Version                              : HHH000412: Hibernate ORM core version 5.4.32.Final
2021-12-01 19:09:57.499  INFO DESKTOP-H0CCH2U --- [  restartedMain] o.h.a.c.Version                          : HCANN000001: Hibernate Commons Annotations {5.1.2.Final}
2021-12-01 19:09:57.647  INFO DESKTOP-H0CCH2U --- [  restartedMain] o.h.d.Dialect                            : HHH000400: Using dialect: org.hibernate.dialect.H2Dialect
2021-12-01 19:09:58.509  INFO DESKTOP-H0CCH2U --- [  restartedMain] o.h.e.t.j.p.i.JtaPlatformInitiator       : HHH000490: Using JtaPlatform implementation: [org.hibernate.engine.transaction.jta.platform.internal.NoJtaPlatform]
2021-12-01 19:09:58.519  INFO DESKTOP-H0CCH2U --- [  restartedMain] j.LocalContainerEntityManagerFactoryBean : Initialized JPA EntityManagerFactory for persistence unit 'default'
2021-12-01 19:09:59.178  WARN DESKTOP-H0CCH2U --- [  restartedMain] JpaBaseConfiguration$JpaWebConfiguration : spring.jpa.open-in-view is enabled by default. Therefore, database queries may be performed during view rendering. Explicitly configure spring.jpa.open-in-view to disable this warning
2021-12-01 19:09:59.520  INFO DESKTOP-H0CCH2U --- [  restartedMain] o.s.s.w.DefaultSecurityFilterChain       : Will secure any request with [org.springframework.security.web.context.request.async.WebAsyncManagerIntegrationFilter@3064601c, org.springframework.security.web.context.SecurityContextPersistenceFilter@176ee72d, org.springframework.security.web.header.HeaderWriterFilter@478e8fe, com.project.schedule.security.CustomFilter@6dc1f788, org.springframework.security.web.authentication.logout.LogoutFilter@5bb86326, org.springframework.security.web.authentication.UsernamePasswordAuthenticationFilter@2443d5cd, org.springframework.security.web.savedrequest.RequestCacheAwareFilter@3cc0df9d, org.springframework.security.web.servletapi.SecurityContextHolderAwareRequestFilter@12815d17, org.springframework.security.web.authentication.AnonymousAuthenticationFilter@1073e33c, org.springframework.security.web.session.SessionManagementFilter@194cc2b7, org.springframework.security.web.access.ExceptionTranslationFilter@7250e742, org.springframework.security.web.access.intercept.FilterSecurityInterceptor@7bdc8292]
2021-12-01 19:10:00.877  INFO DESKTOP-H0CCH2U --- [  restartedMain] o.s.b.d.a.OptionalLiveReloadServer       : LiveReload server is running on port 35729
2021-12-01 19:10:00.915  INFO DESKTOP-H0CCH2U --- [  restartedMain] o.a.c.h.Http11NioProtocol                : Starting ProtocolHandler ["http-nio-8080"]
2021-12-01 19:10:00.939  INFO DESKTOP-H0CCH2U --- [  restartedMain] o.s.b.w.e.t.TomcatWebServer              : Tomcat started on port(s): 8080 (http) with context path ''
2021-12-01 19:10:00.956  INFO DESKTOP-H0CCH2U --- [  restartedMain] c.p.s.ScheduleApplication                : Started ScheduleApplication in 7.114 seconds (JVM running for 10.32)
2021-12-01 19:10:00.959 TRACE DESKTOP-H0CCH2U --- [  restartedMain] c.p.s.ScheduleApplication                : ***********************Test student service***********************
2021-12-01 19:10:01.308  INFO DESKTOP-H0CCH2U --- [  restartedMain] c.p.s.ScheduleApplication                : Student having id 1 and name Yevhen is added
2021-12-01 19:10:01.468 TRACE DESKTOP-H0CCH2U --- [  restartedMain] c.p.s.ScheduleApplication                : StudentModel{id=1, name='Yevhen', email='yevhen', age=12, birthDate=2002-06-21T12:02, courseModels=[]}
2021-12-01 19:10:01.480 TRACE DESKTOP-H0CCH2U --- [  restartedMain] c.p.s.ScheduleApplication                : ***********************Success***********************
2021-12-01 19:10:01.480 TRACE DESKTOP-H0CCH2U --- [  restartedMain] c.p.s.ScheduleApplication                : ***********************Test course service***********************
2021-12-01 19:10:01.495  INFO DESKTOP-H0CCH2U --- [  restartedMain] c.p.s.ScheduleApplication                : Course having id 1 and name Topology is added
2021-12-01 19:10:01.498  INFO DESKTOP-H0CCH2U --- [  restartedMain] c.p.s.ScheduleApplication                : Course having id 2 and name Graph theory is added
2021-12-01 19:10:01.505 TRACE DESKTOP-H0CCH2U --- [  restartedMain] c.p.s.ScheduleApplication                : CourseModel{id=1, title='Math', description='Topology', lector='Kozerenko', studentModelSet=[]}
2021-12-01 19:10:01.514 TRACE DESKTOP-H0CCH2U --- [  restartedMain] c.p.s.ScheduleApplication                : CourseModel{id=2, title='Math', description='Graph theory', lector='Kozerenko', studentModelSet=[]}
2021-12-01 19:10:01.521 TRACE DESKTOP-H0CCH2U --- [  restartedMain] c.p.s.ScheduleApplication                : [CourseModel{id=1, title='Math', description='Topology', lector='Kozerenko', studentModelSet=[]}, CourseModel{id=2, title='Math', description='Graph theory', lector='Kozerenko', studentModelSet=[]}]
2021-12-01 19:10:01.522  INFO DESKTOP-H0CCH2U --- [  restartedMain] c.p.s.ScheduleApplication                : ***********************Success***********************
2021-12-01 19:10:01.540  INFO DESKTOP-H0CCH2U --- [  restartedMain] c.p.s.ScheduleApplication                : Student having id 1 and name Yevhen is added
2021-12-01 19:10:01.547 DEBUG DESKTOP-H0CCH2U --- [  restartedMain] c.p.s.ScheduleApplication                : [StudentModel{id=1, name='Yevhen', email='yevhen', age=12, birthDate=2002-06-21T12:02, courseModels=[1, 2]}]
2021-12-01 19:10:01.553 DEBUG DESKTOP-H0CCH2U --- [  restartedMain] c.p.s.ScheduleApplication                : [CourseModel{id=1, title='Math', description='Topology', lector='Kozerenko', studentModelSet=[1]}, CourseModel{id=2, title='Math', description='Graph theory', lector='Kozerenko', studentModelSet=[1]}]
2021-12-01 19:10:55.076  INFO DESKTOP-H0CCH2U --- [ionShutdownHook] j.LocalContainerEntityManagerFactoryBean : Closing JPA EntityManagerFactory for persistence unit 'default'
2021-12-01 19:10:55.079  INFO DESKTOP-H0CCH2U --- [ionShutdownHook] c.z.h.HikariDataSource                   : HikariPool-1 - Shutdown initiated...
2021-12-01 19:10:55.083  INFO DESKTOP-H0CCH2U --- [ionShutdownHook] c.z.h.HikariDataSource                   : HikariPool-1 - Shutdown completed.
2021-12-01 19:11:01.385  INFO DESKTOP-H0CCH2U --- [kground-preinit] o.h.v.i.u.Version                        : HV000001: Hibernate Validator 6.2.0.Final
2021-12-01 19:11:01.423  INFO DESKTOP-H0CCH2U --- [  restartedMain] c.p.s.ScheduleApplication                : Starting ScheduleApplication using Java 11.0.12 on DESKTOP-H0CCH2U with PID 11256 (D:\Proj\Schedule\schedule\target\classes started by Nazar in D:\Proj\Schedule)
2021-12-01 19:11:01.429 DEBUG DESKTOP-H0CCH2U --- [  restartedMain] c.p.s.ScheduleApplication                : Running with Spring Boot v2.5.3, Spring v5.3.9
2021-12-01 19:11:01.431  INFO DESKTOP-H0CCH2U --- [  restartedMain] c.p.s.ScheduleApplication                : The following profiles are active: dev
2021-12-01 19:11:01.543  INFO DESKTOP-H0CCH2U --- [  restartedMain] .e.DevToolsPropertyDefaultsPostProcessor : Devtools property defaults active! Set 'spring.devtools.add-properties' to 'false' to disable
2021-12-01 19:11:01.544  INFO DESKTOP-H0CCH2U --- [  restartedMain] .e.DevToolsPropertyDefaultsPostProcessor : For additional web related logging consider setting the 'logging.level.web' property to 'DEBUG'
2021-12-01 19:11:03.600  INFO DESKTOP-H0CCH2U --- [  restartedMain] .s.d.r.c.RepositoryConfigurationDelegate : Bootstrapping Spring Data JPA repositories in DEFAULT mode.
2021-12-01 19:11:03.844  INFO DESKTOP-H0CCH2U --- [  restartedMain] .s.d.r.c.RepositoryConfigurationDelegate : Finished Spring Data repository scanning in 209 ms. Found 3 JPA repository interfaces.
2021-12-01 19:11:04.941  INFO DESKTOP-H0CCH2U --- [  restartedMain] trationDelegate$BeanPostProcessorChecker : Bean 'org.springframework.security.access.expression.method.DefaultMethodSecurityExpressionHandler@7c503fc5' of type [org.springframework.security.access.expression.method.DefaultMethodSecurityExpressionHandler] is not eligible for getting processed by all BeanPostProcessors (for example: not eligible for auto-proxying)
2021-12-01 19:11:04.955  INFO DESKTOP-H0CCH2U --- [  restartedMain] trationDelegate$BeanPostProcessorChecker : Bean 'methodSecurityMetadataSource' of type [org.springframework.security.access.method.DelegatingMethodSecurityMetadataSource] is not eligible for getting processed by all BeanPostProcessors (for example: not eligible for auto-proxying)
2021-12-01 19:11:05.498  INFO DESKTOP-H0CCH2U --- [  restartedMain] o.s.b.w.e.t.TomcatWebServer              : Tomcat initialized with port(s): 8080 (http)
2021-12-01 19:11:05.512  INFO DESKTOP-H0CCH2U --- [  restartedMain] o.a.c.h.Http11NioProtocol                : Initializing ProtocolHandler ["http-nio-8080"]
2021-12-01 19:11:05.513  INFO DESKTOP-H0CCH2U --- [  restartedMain] o.a.c.c.StandardService                  : Starting service [Tomcat]
2021-12-01 19:11:05.514  INFO DESKTOP-H0CCH2U --- [  restartedMain] o.a.c.c.StandardEngine                   : Starting Servlet engine: [Apache Tomcat/9.0.50]
2021-12-01 19:11:05.805  INFO DESKTOP-H0CCH2U --- [  restartedMain] o.a.c.c.C.[.[.[/]                        : Initializing Spring embedded WebApplicationContext
2021-12-01 19:11:05.806  INFO DESKTOP-H0CCH2U --- [  restartedMain] w.s.c.ServletWebServerApplicationContext : Root WebApplicationContext: initialization completed in 4261 ms
2021-12-01 19:11:05.885  INFO DESKTOP-H0CCH2U --- [  restartedMain] c.z.h.HikariDataSource                   : HikariPool-1 - Starting...
2021-12-01 19:11:06.104  INFO DESKTOP-H0CCH2U --- [  restartedMain] c.z.h.HikariDataSource                   : HikariPool-1 - Start completed.
2021-12-01 19:11:06.113  INFO DESKTOP-H0CCH2U --- [  restartedMain] o.s.b.a.h.H2ConsoleAutoConfiguration     : H2 console available at '/h2-console'. Database available at 'jdbc:h2:mem:testdb'
2021-12-01 19:11:06.213 DEBUG DESKTOP-H0CCH2U --- [  restartedMain] c.p.s.s.CustomFilter                     : Filter 'customFilter' configured for use
2021-12-01 19:11:06.573  INFO DESKTOP-H0CCH2U --- [  restartedMain] o.h.j.i.u.LogHelper                      : HHH000204: Processing PersistenceUnitInfo [name: default]
2021-12-01 19:11:06.712  INFO DESKTOP-H0CCH2U --- [  restartedMain] o.h.Version                              : HHH000412: Hibernate ORM core version 5.4.32.Final
2021-12-01 19:11:06.991  INFO DESKTOP-H0CCH2U --- [  restartedMain] o.h.a.c.Version                          : HCANN000001: Hibernate Commons Annotations {5.1.2.Final}
2021-12-01 19:11:07.307  INFO DESKTOP-H0CCH2U --- [  restartedMain] o.h.d.Dialect                            : HHH000400: Using dialect: org.hibernate.dialect.H2Dialect
2021-12-01 19:11:08.922  INFO DESKTOP-H0CCH2U --- [  restartedMain] o.h.e.t.j.p.i.JtaPlatformInitiator       : HHH000490: Using JtaPlatform implementation: [org.hibernate.engine.transaction.jta.platform.internal.NoJtaPlatform]
2021-12-01 19:11:08.939  INFO DESKTOP-H0CCH2U --- [  restartedMain] j.LocalContainerEntityManagerFactoryBean : Initialized JPA EntityManagerFactory for persistence unit 'default'
2021-12-01 19:11:09.859  WARN DESKTOP-H0CCH2U --- [  restartedMain] JpaBaseConfiguration$JpaWebConfiguration : spring.jpa.open-in-view is enabled by default. Therefore, database queries may be performed during view rendering. Explicitly configure spring.jpa.open-in-view to disable this warning
2021-12-01 19:11:10.240  INFO DESKTOP-H0CCH2U --- [  restartedMain] o.s.s.w.DefaultSecurityFilterChain       : Will secure any request with [org.springframework.security.web.context.request.async.WebAsyncManagerIntegrationFilter@21079d2d, org.springframework.security.web.context.SecurityContextPersistenceFilter@2f548b32, org.springframework.security.web.header.HeaderWriterFilter@52661248, com.project.schedule.security.CustomFilter@2267aea9, org.springframework.security.web.authentication.logout.LogoutFilter@3a16914, org.springframework.security.web.authentication.UsernamePasswordAuthenticationFilter@4d0ccd25, org.springframework.security.web.savedrequest.RequestCacheAwareFilter@23b26251, org.springframework.security.web.servletapi.SecurityContextHolderAwareRequestFilter@3f7e6bd8, org.springframework.security.web.authentication.AnonymousAuthenticationFilter@7da0ccbf, org.springframework.security.web.session.SessionManagementFilter@7205f4e4, org.springframework.security.web.access.ExceptionTranslationFilter@5d2a34cb, org.springframework.security.web.access.intercept.FilterSecurityInterceptor@2f9e75fa]
2021-12-01 19:11:11.728  INFO DESKTOP-H0CCH2U --- [  restartedMain] o.s.b.d.a.OptionalLiveReloadServer       : LiveReload server is running on port 35729
2021-12-01 19:11:11.775  INFO DESKTOP-H0CCH2U --- [  restartedMain] o.a.c.h.Http11NioProtocol                : Starting ProtocolHandler ["http-nio-8080"]
2021-12-01 19:11:11.810  INFO DESKTOP-H0CCH2U --- [  restartedMain] o.s.b.w.e.t.TomcatWebServer              : Tomcat started on port(s): 8080 (http) with context path ''
2021-12-01 19:11:11.828  INFO DESKTOP-H0CCH2U --- [  restartedMain] c.p.s.ScheduleApplication                : Started ScheduleApplication in 10.874 seconds (JVM running for 14.811)
2021-12-01 19:11:11.831 TRACE DESKTOP-H0CCH2U --- [  restartedMain] c.p.s.ScheduleApplication                : ***********************Test student service***********************
2021-12-01 19:11:12.173  INFO DESKTOP-H0CCH2U --- [  restartedMain] c.p.s.ScheduleApplication                : Student having id 1 and name Yevhen is added
2021-12-01 19:11:12.649 TRACE DESKTOP-H0CCH2U --- [  restartedMain] c.p.s.ScheduleApplication                : StudentModel{id=1, name='Yevhen', email='yevhen', age=12, birthDate=2002-06-21T12:02, courseModels=[]}
2021-12-01 19:11:12.671 TRACE DESKTOP-H0CCH2U --- [  restartedMain] c.p.s.ScheduleApplication                : ***********************Success***********************
2021-12-01 19:11:12.671 TRACE DESKTOP-H0CCH2U --- [  restartedMain] c.p.s.ScheduleApplication                : ***********************Test course service***********************
2021-12-01 19:11:12.694  INFO DESKTOP-H0CCH2U --- [  restartedMain] c.p.s.ScheduleApplication                : Course having id 1 and name Topology is added
2021-12-01 19:11:12.697  INFO DESKTOP-H0CCH2U --- [  restartedMain] c.p.s.ScheduleApplication                : Course having id 2 and name Graph theory is added
2021-12-01 19:11:12.710 TRACE DESKTOP-H0CCH2U --- [  restartedMain] c.p.s.ScheduleApplication                : CourseModel{id=1, title='Math', description='Topology', lector='Kozerenko', studentModelSet=[]}
2021-12-01 19:11:12.726 TRACE DESKTOP-H0CCH2U --- [  restartedMain] c.p.s.ScheduleApplication                : CourseModel{id=2, title='Math', description='Graph theory', lector='Kozerenko', studentModelSet=[]}
2021-12-01 19:11:12.732 TRACE DESKTOP-H0CCH2U --- [  restartedMain] c.p.s.ScheduleApplication                : [CourseModel{id=1, title='Math', description='Topology', lector='Kozerenko', studentModelSet=[]}, CourseModel{id=2, title='Math', description='Graph theory', lector='Kozerenko', studentModelSet=[]}]
2021-12-01 19:11:12.733  INFO DESKTOP-H0CCH2U --- [  restartedMain] c.p.s.ScheduleApplication                : ***********************Success***********************
2021-12-01 19:11:12.761  INFO DESKTOP-H0CCH2U --- [  restartedMain] c.p.s.ScheduleApplication                : Student having id 1 and name Yevhen is added
2021-12-01 19:11:12.772 DEBUG DESKTOP-H0CCH2U --- [  restartedMain] c.p.s.ScheduleApplication                : [StudentModel{id=1, name='Yevhen', email='yevhen', age=12, birthDate=2002-06-21T12:02, courseModels=[1, 2]}]
2021-12-01 19:11:12.794 DEBUG DESKTOP-H0CCH2U --- [  restartedMain] c.p.s.ScheduleApplication                : [CourseModel{id=1, title='Math', description='Topology', lector='Kozerenko', studentModelSet=[1]}, CourseModel{id=2, title='Math', description='Graph theory', lector='Kozerenko', studentModelSet=[1]}]
2021-12-01 19:11:13.405  INFO DESKTOP-H0CCH2U --- [nio-8080-exec-2] o.a.c.c.C.[.[.[/]                        : Initializing Spring DispatcherServlet 'dispatcherServlet'
2021-12-01 19:11:13.405  INFO DESKTOP-H0CCH2U --- [nio-8080-exec-2] o.s.w.s.DispatcherServlet                : Initializing Servlet 'dispatcherServlet'
2021-12-01 19:11:13.409  INFO DESKTOP-H0CCH2U --- [nio-8080-exec-2] o.s.w.s.DispatcherServlet                : Completed initialization in 4 ms
2021-12-01 19:11:13.629  INFO DESKTOP-H0CCH2U --- [nio-8080-exec-2] c.p.s.ScheduleApplication                : Student having id 2 and name Nazar is added
2021-12-01 19:11:13.631  INFO DESKTOP-H0CCH2U --- [nio-8080-exec-2] c.p.s.a.c.MainController                 : StudentModel{id=2, name='Nazar', email='nazar', age=19, birthDate=2002-07-02T12:02, courseModels=[]}
2021-12-01 19:11:56.630  INFO DESKTOP-H0CCH2U --- [ionShutdownHook] j.LocalContainerEntityManagerFactoryBean : Closing JPA EntityManagerFactory for persistence unit 'default'
2021-12-01 19:11:56.636  INFO DESKTOP-H0CCH2U --- [ionShutdownHook] c.z.h.HikariDataSource                   : HikariPool-1 - Shutdown initiated...
2021-12-01 19:11:56.644  INFO DESKTOP-H0CCH2U --- [ionShutdownHook] c.z.h.HikariDataSource                   : HikariPool-1 - Shutdown completed.
2021-12-01 19:12:09.400  INFO DESKTOP-H0CCH2U --- [kground-preinit] o.h.v.i.u.Version                        : HV000001: Hibernate Validator 6.2.0.Final
2021-12-01 19:12:09.419  INFO DESKTOP-H0CCH2U --- [  restartedMain] c.p.s.ScheduleApplication                : Starting ScheduleApplication using Java 11.0.12 on DESKTOP-H0CCH2U with PID 3368 (D:\Proj\Schedule\schedule\target\classes started by Nazar in D:\Proj\Schedule)
2021-12-01 19:12:09.424 DEBUG DESKTOP-H0CCH2U --- [  restartedMain] c.p.s.ScheduleApplication                : Running with Spring Boot v2.5.3, Spring v5.3.9
2021-12-01 19:12:09.425  INFO DESKTOP-H0CCH2U --- [  restartedMain] c.p.s.ScheduleApplication                : The following profiles are active: dev
2021-12-01 19:12:09.523  INFO DESKTOP-H0CCH2U --- [  restartedMain] .e.DevToolsPropertyDefaultsPostProcessor : Devtools property defaults active! Set 'spring.devtools.add-properties' to 'false' to disable
2021-12-01 19:12:09.523  INFO DESKTOP-H0CCH2U --- [  restartedMain] .e.DevToolsPropertyDefaultsPostProcessor : For additional web related logging consider setting the 'logging.level.web' property to 'DEBUG'
2021-12-01 19:12:11.712  INFO DESKTOP-H0CCH2U --- [  restartedMain] .s.d.r.c.RepositoryConfigurationDelegate : Bootstrapping Spring Data JPA repositories in DEFAULT mode.
2021-12-01 19:12:11.898  INFO DESKTOP-H0CCH2U --- [  restartedMain] .s.d.r.c.RepositoryConfigurationDelegate : Finished Spring Data repository scanning in 166 ms. Found 3 JPA repository interfaces.
2021-12-01 19:12:12.798  INFO DESKTOP-H0CCH2U --- [  restartedMain] trationDelegate$BeanPostProcessorChecker : Bean 'org.springframework.security.access.expression.method.DefaultMethodSecurityExpressionHandler@228e9ae5' of type [org.springframework.security.access.expression.method.DefaultMethodSecurityExpressionHandler] is not eligible for getting processed by all BeanPostProcessors (for example: not eligible for auto-proxying)
2021-12-01 19:12:12.819  INFO DESKTOP-H0CCH2U --- [  restartedMain] trationDelegate$BeanPostProcessorChecker : Bean 'methodSecurityMetadataSource' of type [org.springframework.security.access.method.DelegatingMethodSecurityMetadataSource] is not eligible for getting processed by all BeanPostProcessors (for example: not eligible for auto-proxying)
2021-12-01 19:12:13.525  INFO DESKTOP-H0CCH2U --- [  restartedMain] o.s.b.w.e.t.TomcatWebServer              : Tomcat initialized with port(s): 8080 (http)
2021-12-01 19:12:13.540  INFO DESKTOP-H0CCH2U --- [  restartedMain] o.a.c.h.Http11NioProtocol                : Initializing ProtocolHandler ["http-nio-8080"]
2021-12-01 19:12:13.541  INFO DESKTOP-H0CCH2U --- [  restartedMain] o.a.c.c.StandardService                  : Starting service [Tomcat]
2021-12-01 19:12:13.541  INFO DESKTOP-H0CCH2U --- [  restartedMain] o.a.c.c.StandardEngine                   : Starting Servlet engine: [Apache Tomcat/9.0.50]
2021-12-01 19:12:13.825  INFO DESKTOP-H0CCH2U --- [  restartedMain] o.a.c.c.C.[.[.[/]                        : Initializing Spring embedded WebApplicationContext
2021-12-01 19:12:13.827  INFO DESKTOP-H0CCH2U --- [  restartedMain] w.s.c.ServletWebServerApplicationContext : Root WebApplicationContext: initialization completed in 4302 ms
2021-12-01 19:12:13.933  INFO DESKTOP-H0CCH2U --- [  restartedMain] c.z.h.HikariDataSource                   : HikariPool-1 - Starting...
2021-12-01 19:12:14.203  INFO DESKTOP-H0CCH2U --- [  restartedMain] c.z.h.HikariDataSource                   : HikariPool-1 - Start completed.
2021-12-01 19:12:14.216  INFO DESKTOP-H0CCH2U --- [  restartedMain] o.s.b.a.h.H2ConsoleAutoConfiguration     : H2 console available at '/h2-console'. Database available at 'jdbc:h2:mem:testdb'
2021-12-01 19:12:14.356 DEBUG DESKTOP-H0CCH2U --- [  restartedMain] c.p.s.s.CustomFilter                     : Filter 'customFilter' configured for use
2021-12-01 19:12:14.749  INFO DESKTOP-H0CCH2U --- [  restartedMain] o.h.j.i.u.LogHelper                      : HHH000204: Processing PersistenceUnitInfo [name: default]
2021-12-01 19:12:14.850  INFO DESKTOP-H0CCH2U --- [  restartedMain] o.h.Version                              : HHH000412: Hibernate ORM core version 5.4.32.Final
2021-12-01 19:12:15.174  INFO DESKTOP-H0CCH2U --- [  restartedMain] o.h.a.c.Version                          : HCANN000001: Hibernate Commons Annotations {5.1.2.Final}
2021-12-01 19:12:15.470  INFO DESKTOP-H0CCH2U --- [  restartedMain] o.h.d.Dialect                            : HHH000400: Using dialect: org.hibernate.dialect.H2Dialect
2021-12-01 19:12:17.548  INFO DESKTOP-H0CCH2U --- [  restartedMain] o.h.e.t.j.p.i.JtaPlatformInitiator       : HHH000490: Using JtaPlatform implementation: [org.hibernate.engine.transaction.jta.platform.internal.NoJtaPlatform]
2021-12-01 19:12:17.573  INFO DESKTOP-H0CCH2U --- [  restartedMain] j.LocalContainerEntityManagerFactoryBean : Initialized JPA EntityManagerFactory for persistence unit 'default'
2021-12-01 19:12:19.162  WARN DESKTOP-H0CCH2U --- [  restartedMain] JpaBaseConfiguration$JpaWebConfiguration : spring.jpa.open-in-view is enabled by default. Therefore, database queries may be performed during view rendering. Explicitly configure spring.jpa.open-in-view to disable this warning
2021-12-01 19:12:19.701  INFO DESKTOP-H0CCH2U --- [  restartedMain] o.s.s.w.DefaultSecurityFilterChain       : Will secure any request with [org.springframework.security.web.context.request.async.WebAsyncManagerIntegrationFilter@4d5159d7, org.springframework.security.web.context.SecurityContextPersistenceFilter@4a39751b, org.springframework.security.web.header.HeaderWriterFilter@54eb8e49, com.project.schedule.security.CustomFilter@777970c4, org.springframework.security.web.authentication.logout.LogoutFilter@479a0e15, org.springframework.security.web.authentication.UsernamePasswordAuthenticationFilter@1f572a2e, org.springframework.security.web.savedrequest.RequestCacheAwareFilter@72676482, org.springframework.security.web.servletapi.SecurityContextHolderAwareRequestFilter@5808c346, org.springframework.security.web.authentication.AnonymousAuthenticationFilter@726cd5da, org.springframework.security.web.session.SessionManagementFilter@69862307, org.springframework.security.web.access.ExceptionTranslationFilter@325e8c85, org.springframework.security.web.access.intercept.FilterSecurityInterceptor@1b7d5ca0]
2021-12-01 19:12:21.995  INFO DESKTOP-H0CCH2U --- [  restartedMain] o.s.b.d.a.OptionalLiveReloadServer       : LiveReload server is running on port 35729
2021-12-01 19:12:22.042  INFO DESKTOP-H0CCH2U --- [  restartedMain] o.a.c.h.Http11NioProtocol                : Starting ProtocolHandler ["http-nio-8080"]
2021-12-01 19:12:22.075  INFO DESKTOP-H0CCH2U --- [  restartedMain] o.s.b.w.e.t.TomcatWebServer              : Tomcat started on port(s): 8080 (http) with context path ''
2021-12-01 19:12:22.100  INFO DESKTOP-H0CCH2U --- [  restartedMain] c.p.s.ScheduleApplication                : Started ScheduleApplication in 13.546 seconds (JVM running for 18.195)
2021-12-01 19:12:22.104 TRACE DESKTOP-H0CCH2U --- [  restartedMain] c.p.s.ScheduleApplication                : ***********************Test student service***********************
2021-12-01 19:12:22.451  INFO DESKTOP-H0CCH2U --- [  restartedMain] c.p.s.ScheduleApplication                : Student having id 1 and name Yevhen is added
2021-12-01 19:12:22.715 TRACE DESKTOP-H0CCH2U --- [  restartedMain] c.p.s.ScheduleApplication                : StudentModel{id=1, name='Yevhen', email='yevhen', age=12, birthDate=2002-06-21T12:02, courseModels=[]}
2021-12-01 19:12:22.739 TRACE DESKTOP-H0CCH2U --- [  restartedMain] c.p.s.ScheduleApplication                : ***********************Success***********************
2021-12-01 19:12:22.739 TRACE DESKTOP-H0CCH2U --- [  restartedMain] c.p.s.ScheduleApplication                : ***********************Test course service***********************
2021-12-01 19:12:22.768  INFO DESKTOP-H0CCH2U --- [  restartedMain] c.p.s.ScheduleApplication                : Course having id 1 and name Topology is added
2021-12-01 19:12:22.779  INFO DESKTOP-H0CCH2U --- [  restartedMain] c.p.s.ScheduleApplication                : Course having id 2 and name Graph theory is added
2021-12-01 19:12:22.795 TRACE DESKTOP-H0CCH2U --- [  restartedMain] c.p.s.ScheduleApplication                : CourseModel{id=1, title='Math', description='Topology', lector='Kozerenko', studentModelSet=[]}
2021-12-01 19:12:22.824 TRACE DESKTOP-H0CCH2U --- [  restartedMain] c.p.s.ScheduleApplication                : CourseModel{id=2, title='Math', description='Graph theory', lector='Kozerenko', studentModelSet=[]}
2021-12-01 19:12:22.840 TRACE DESKTOP-H0CCH2U --- [  restartedMain] c.p.s.ScheduleApplication                : [CourseModel{id=1, title='Math', description='Topology', lector='Kozerenko', studentModelSet=[]}, CourseModel{id=2, title='Math', description='Graph theory', lector='Kozerenko', studentModelSet=[]}]
2021-12-01 19:12:22.840  INFO DESKTOP-H0CCH2U --- [  restartedMain] c.p.s.ScheduleApplication                : ***********************Success***********************
2021-12-01 19:12:22.872  INFO DESKTOP-H0CCH2U --- [  restartedMain] c.p.s.ScheduleApplication                : Student having id 1 and name Yevhen is added
2021-12-01 19:12:22.887 DEBUG DESKTOP-H0CCH2U --- [  restartedMain] c.p.s.ScheduleApplication                : [StudentModel{id=1, name='Yevhen', email='yevhen', age=12, birthDate=2002-06-21T12:02, courseModels=[1, 2]}]
2021-12-01 19:12:22.900 DEBUG DESKTOP-H0CCH2U --- [  restartedMain] c.p.s.ScheduleApplication                : [CourseModel{id=1, title='Math', description='Topology', lector='Kozerenko', studentModelSet=[1]}, CourseModel{id=2, title='Math', description='Graph theory', lector='Kozerenko', studentModelSet=[1]}]
2021-12-01 19:12:23.173  INFO DESKTOP-H0CCH2U --- [nio-8080-exec-2] o.a.c.c.C.[.[.[/]                        : Initializing Spring DispatcherServlet 'dispatcherServlet'
2021-12-01 19:12:23.174  INFO DESKTOP-H0CCH2U --- [nio-8080-exec-2] o.s.w.s.DispatcherServlet                : Initializing Servlet 'dispatcherServlet'
2021-12-01 19:12:23.180  INFO DESKTOP-H0CCH2U --- [nio-8080-exec-2] o.s.w.s.DispatcherServlet                : Completed initialization in 6 ms
2021-12-01 19:12:23.387  INFO DESKTOP-H0CCH2U --- [nio-8080-exec-2] c.p.s.ScheduleApplication                : Student having id 2 and name Nazar is added
2021-12-01 19:12:23.408  INFO DESKTOP-H0CCH2U --- [nio-8080-exec-2] c.p.s.a.c.MainController                 : StudentModel{id=2, name='Nazar', email='nazar', age=19, birthDate=2002-07-02T12:02, courseModels=[]}
2021-12-01 19:12:32.714  WARN DESKTOP-H0CCH2U --- [nio-8080-exec-3] o.a.c.u.SessionIdGeneratorBase           : Creation of SecureRandom instance for session ID generation using [SHA1PRNG] took [158] milliseconds.
2021-12-01 19:12:38.886  INFO DESKTOP-H0CCH2U --- [nio-8080-exec-6] c.p.s.ScheduleApplication                : User{id=2, username='u', password='$2a$10$9a2gxxD8tZpjgS4VHFYylOjXFEophfUJxTeuScpbIAAP30JKRxsXO', active=true, roles=[USER]}
2021-12-01 19:12:42.293  INFO DESKTOP-H0CCH2U --- [nio-8080-exec-9] c.p.s.a.c.CourseController               : [CourseModel{id=1, title='Math', description='Topology', lector='Kozerenko', studentModelSet=[1]}, CourseModel{id=2, title='Math', description='Graph theory', lector='Kozerenko', studentModelSet=[1]}]
2021-12-01 19:12:42.296  WARN DESKTOP-H0CCH2U --- [nio-8080-exec-9] c.p.s.ScheduleApplication                : [ASPECT_LOGGING] Method: getCourses() had been working for 11 ms
2021-12-01 19:12:42.297  WARN DESKTOP-H0CCH2U --- [nio-8080-exec-9] c.p.s.ScheduleApplication                : [ASPECT_LOGGING] Method: getCourses() Arguments = [{courses=[CourseModel{id=1, title='Math', description='Topology', lector='Kozerenko', studentModelSet=[1]}, CourseModel{id=2, title='Math', description='Graph theory', lector='Kozerenko', studentModelSet=[1]}]}], Result = courses
2021-12-01 19:13:00.586  INFO DESKTOP-H0CCH2U --- [ionShutdownHook] j.LocalContainerEntityManagerFactoryBean : Closing JPA EntityManagerFactory for persistence unit 'default'
2021-12-01 19:13:00.589  INFO DESKTOP-H0CCH2U --- [ionShutdownHook] c.z.h.HikariDataSource                   : HikariPool-1 - Shutdown initiated...
2021-12-01 19:13:00.592  INFO DESKTOP-H0CCH2U --- [ionShutdownHook] c.z.h.HikariDataSource                   : HikariPool-1 - Shutdown completed.
